<?xml version="1.0" encoding="UTF-8"?>
<!-- Generated by org.testng.reporters.JUnitReportReporter -->
<testsuite hostname="CFS-LP-0219" failures="0" tests="2" name="com.ui.tests.LoginTest" time="37.542" errors="0" timestamp="2025-10-18T11:49:57 IST" skipped="0">
  <testcase classname="com.ui.tests.LoginTest" name="loginTest" time="10.357"/>
  <testcase classname="com.ui.tests.LoginTest" name="loginTest" time="27.185"/>
</testsuite> <!-- com.ui.tests.LoginTest -->
