<?xml version="1.0" encoding="UTF-8"?>
<!-- Generated by org.testng.reporters.JUnitReportReporter -->
<testsuite hostname="CFS-LP-0219" failures="0" tests="1" name="com.ui.tests.SupportTest" time="22.604" errors="0" timestamp="2025-09-29T19:18:17 IST" skipped="0">
  <testcase classname="com.ui.tests.SupportTest" name="supportCreation" time="22.604"/>
</testsuite> <!-- com.ui.tests.SupportTest -->
