<?xml version="1.0" encoding="UTF-8"?>
<!-- Generated by org.testng.reporters.JUnitReportReporter -->
<testsuite hostname="CFS-LP-0219" failures="0" tests="1" name="com.ui.tests.LogoutTest" time="14.194" errors="0" timestamp="2025-10-05T19:32:19 IST" skipped="0">
  <testcase classname="com.ui.tests.LogoutTest" name="logout" time="14.194"/>
</testsuite> <!-- com.ui.tests.LogoutTest -->
