<?xml version="1.0" encoding="UTF-8"?>
<!-- Generated by org.testng.reporters.JUnitReportReporter -->
<testsuite hostname="CFS-LP-0219" failures="0" tests="1" name="com.ui.tests.SupportTest" time="48.682" errors="0" timestamp="2025-10-13T01:24:10 IST" skipped="0">
  <testcase classname="com.ui.tests.SupportTest" name="supportCreation" time="48.682"/>
</testsuite> <!-- com.ui.tests.SupportTest -->
